  FSDF.cpp
c:\libigl-master\libigl-master\include\igl\parallel_for.h(133): warning C4018: '<': signed/unsigned mismatch
  c:\libigl-master\libigl-master\include\igl\parallel_for.h(109): note: see reference to function template instantiation 'bool igl::parallel_for<Index,igl::parallel_for::<lambda_bf61686955a08140b85787f279539468>,igl::parallel_for::<lambda_19b8090a242a0d3b3af69d3d9111a171>,igl::parallel_for::<lambda_bf61686955a08140b85787f279539468>>(const Index,const PreFunctionType &,const FunctionType &,const AccumFunctionType &,const ::size_t)' being compiled
          with
          [
              Index=int,
              PreFunctionType=igl::parallel_for::<lambda_bf61686955a08140b85787f279539468>,
              FunctionType=igl::parallel_for::<lambda_19b8090a242a0d3b3af69d3d9111a171>,
              AccumFunctionType=igl::parallel_for::<lambda_bf61686955a08140b85787f279539468>
          ]
  c:\libigl-master\libigl-master\include\igl\squared_edge_lengths.cpp(43): note: see reference to function template instantiation 'bool igl::parallel_for<int,igl::squared_edge_lengths::<lambda_302a67c1d9096b57535f5b0d969f13ce>>(const Index,const FunctionType &,const ::size_t)' being compiled
          with
          [
              Index=int,
              FunctionType=igl::squared_edge_lengths::<lambda_302a67c1d9096b57535f5b0d969f13ce>
          ]
  c:\libigl-master\libigl-master\include\igl\cotmatrix_entries.cpp(40): note: see reference to function template instantiation 'void igl::squared_edge_lengths<Derived,Eigen::Matrix<int,-1,-1,0,-1,-1>,Eigen::Matrix<double,-1,3,0,-1,3>>(const Eigen::MatrixBase<Derived> &,const Eigen::MatrixBase<Eigen::Matrix<int,-1,-1,0,-1,-1>> &,Eigen::PlainObjectBase<Eigen::Matrix<double,-1,3,0,-1,3>> &)' being compiled
          with
          [
              Derived=Eigen::Matrix<double,-1,-1,0,-1,-1>
          ]
  c:\libigl-master\libigl-master\include\igl\cotmatrix.cpp(60): note: see reference to function template instantiation 'void igl::cotmatrix_entries<Derived,Eigen::Matrix<int,-1,-1,0,-1,-1>,Eigen::Matrix<double,-1,-1,0,-1,-1>>(const Eigen::MatrixBase<Derived> &,const Eigen::MatrixBase<Eigen::Matrix<int,-1,-1,0,-1,-1>> &,Eigen::PlainObjectBase<Derived> &)' being compiled
          with
          [
              Derived=Eigen::Matrix<double,-1,-1,0,-1,-1>
          ]
  c:\users\adrian\documents\github\fsdf\fsdf\fsdf.cpp(20): note: see reference to function template instantiation 'void igl::cotmatrix<Derived,Eigen::Matrix<int,-1,-1,0,-1,-1>,double>(const Eigen::MatrixBase<Derived> &,const Eigen::MatrixBase<Eigen::Matrix<int,-1,-1,0,-1,-1>> &,Eigen::SparseMatrix<double,0,int> &)' being compiled
          with
          [
              Derived=Eigen::Matrix<double,-1,-1,0,-1,-1>
          ]
  FSDF.vcxproj -> C:\Users\Adrian\Documents\GitHub\FSDF\FSDF\Debug\FSDF.exe
